#################################################################
# If you used AutoDock Vina in your work, please cite:          #
#                                                               #
# O. Trott, A. J. Olson,                                        #
# AutoDock Vina: improving the speed and accuracy of docking    #
# with a new scoring function, efficient optimization and       #
# multithreading, Journal of Computational Chemistry 31 (2010)  #
# 455-461                                                       #
#                                                               #
# DOI 10.1002/jcc.21334                                         #
#                                                               #
# Please see http://vina.scripps.edu for more information.      #
#################################################################

WARNING: The search space volume > 27000 Angstrom^3 (See FAQ)
Reading input ... done.
Setting up the scoring function ... done.
Analyzing the binding site ... done.
Using random seed: -1553580448
Performing search ... done.
Refining results ... done.

mode |   affinity | dist from best mode
     | (kcal/mol) | rmsd l.b.| rmsd u.b.
-----+------------+----------+----------
   1         -7.2      0.000      0.000
   2         -7.2      2.176      7.101
   3         -7.1      3.541      5.213
   4         -7.1      2.821      8.080
   5         -7.0      4.246      6.419
   6         -6.9      3.255      5.492
   7         -6.9      2.194      3.075
   8         -6.9      5.782      7.960
   9         -6.9      3.519      8.637
  10         -6.9      2.652      7.791
  11         -6.9      3.654      7.641
  12         -6.9      2.211      6.969
  13         -6.9      2.935      5.732
  14         -6.8      4.524      9.108
  15         -6.8      3.838      5.611
  16         -6.8      3.282      7.336
  17         -6.7      2.638      5.021
  18         -6.7      2.414      7.200
  19         -6.7      2.409      7.500
  20         -6.7      5.437      7.210
Writing output ... done.
